{
  "stats": {
    "suites": 4,
    "tests": 5,
    "passes": 4,
    "pending": 0,
    "failures": 1,
    "start": "2025-12-02T02:37:36.246Z",
    "end": "2025-12-02T02:37:59.808Z",
    "duration": 23562,
    "testsRegistered": 5,
    "passPercent": 80,
    "pendingPercent": 0,
    "other": 0,
    "hasOther": false,
    "skipped": 0,
    "hasSkipped": false
  },
  "results": [
    {
      "uuid": "32b91c61-4412-44f6-856f-9cfa8a8abca6",
      "title": "",
      "fullFile": "",
      "file": "",
      "beforeHooks": [],
      "afterHooks": [],
      "tests": [],
      "suites": [
        {
          "uuid": "a422e174-3c1c-4e11-adb0-fbd4c4ea7bd9",
          "title": "Log In Tests",
          "fullFile": "C:\\Users\\cesar\\Desktop\\Coding Projects\\School Work\\FullStack\\emp-simple-manager-tests\\testing\\test\\loginTest.js",
          "file": "\\test\\loginTest.js",
          "beforeHooks": [],
          "afterHooks": [],
          "tests": [
            {
              "title": "Should stay in the same page if log-in blank",
              "fullTitle": "Log In Tests Should stay in the same page if log-in blank",
              "timedOut": false,
              "duration": 5531,
              "state": "passed",
              "speed": "slow",
              "pass": true,
              "fail": false,
              "pending": false,
              "context": null,
              "code": "let driver = await new Builder().forBrowser('firefox').build();\nawait driver.get(\"http://localhost:5173/login\")\nlet logInButton = await driver.findElement(By.xpath(\"/html/body/div/div/div[2]/div/button[1]\"))\nlogInButton.click();\n\nlet currentURL = await driver.getCurrentUrl()\ncurrentURL.should.equal(\"http://localhost:5173/login\")\nawait driver.quit();",
              "err": {},
              "uuid": "d9be4f73-caf5-4b01-b0a6-74916ab7957c",
              "parentUUID": "a422e174-3c1c-4e11-adb0-fbd4c4ea7bd9",
              "isHook": false,
              "skipped": false
            },
            {
              "title": "Should move to next page if sign in is correct",
              "fullTitle": "Log In Tests Should move to next page if sign in is correct",
              "timedOut": false,
              "duration": 2527,
              "state": "passed",
              "speed": "slow",
              "pass": true,
              "fail": false,
              "pending": false,
              "context": null,
              "code": "let driver = await new Builder().forBrowser('firefox').build();\nautoLogin(driver)\ndriver.quit();",
              "err": {},
              "uuid": "05604667-80bc-42d2-929d-f0a2da045579",
              "parentUUID": "a422e174-3c1c-4e11-adb0-fbd4c4ea7bd9",
              "isHook": false,
              "skipped": false
            }
          ],
          "suites": [],
          "passes": [
            "d9be4f73-caf5-4b01-b0a6-74916ab7957c",
            "05604667-80bc-42d2-929d-f0a2da045579"
          ],
          "failures": [],
          "pending": [],
          "skipped": [],
          "duration": 8058,
          "root": false,
          "rootEmpty": false,
          "_timeout": 0
        },
        {
          "uuid": "3831c39b-5b42-4465-abb1-7bf965bd5300",
          "title": "View Items Tests",
          "fullFile": "C:\\Users\\cesar\\Desktop\\Coding Projects\\School Work\\FullStack\\emp-simple-manager-tests\\testing\\test\\loginTest.js",
          "file": "\\test\\loginTest.js",
          "beforeHooks": [],
          "afterHooks": [],
          "tests": [
            {
              "title": "Should move to redirect to login when not logged in",
              "fullTitle": "View Items Tests Should move to redirect to login when not logged in",
              "timedOut": false,
              "duration": 5096,
              "state": "passed",
              "speed": "slow",
              "pass": true,
              "fail": false,
              "pending": false,
              "context": null,
              "code": "let driver = await new Builder().forBrowser('firefox').build();\nawait driver.get(\"http://localhost:5173/\");\nawait driver.manage().setTimeouts({implicit: 500});\nlet currentURL = await driver.getCurrentUrl()\ncurrentURL.should.equal(\"http://localhost:5173/login\")",
              "err": {},
              "uuid": "22d2930b-fa91-41de-948a-94162b6820cf",
              "parentUUID": "3831c39b-5b42-4465-abb1-7bf965bd5300",
              "isHook": false,
              "skipped": false
            }
          ],
          "suites": [],
          "passes": [
            "22d2930b-fa91-41de-948a-94162b6820cf"
          ],
          "failures": [],
          "pending": [],
          "skipped": [],
          "duration": 5096,
          "root": false,
          "rootEmpty": false,
          "_timeout": 0
        },
        {
          "uuid": "8a792a9c-779c-423a-8274-87debd1828ff",
          "title": "Add Item Test",
          "fullFile": "C:\\Users\\cesar\\Desktop\\Coding Projects\\School Work\\FullStack\\emp-simple-manager-tests\\testing\\test\\loginTest.js",
          "file": "\\test\\loginTest.js",
          "beforeHooks": [],
          "afterHooks": [],
          "tests": [
            {
              "title": "Should through an error if field is empty",
              "fullTitle": "Add Item Test Should through an error if field is empty",
              "timedOut": false,
              "duration": 5162,
              "state": "passed",
              "speed": "slow",
              "pass": true,
              "fail": false,
              "pending": false,
              "context": null,
              "code": "let driver = await new Builder().forBrowser('firefox').build();\nawait autoLogin(driver);\nawait driver.findElement(By.xpath(\"/html/body/div/div/div[2]/button\")).click();\nawait driver.manage().setTimeouts({implicit: 1000});\nlet message = await driver.findElement(By.css(\"html body div#app div div div.main-card div div button\")).getText();\nmessage.should.equal(message,\"All text fields must be full\")\ndriver.quit();",
              "err": {},
              "uuid": "56ee6cc5-3e60-46ad-9381-d414d5d603e7",
              "parentUUID": "8a792a9c-779c-423a-8274-87debd1828ff",
              "isHook": false,
              "skipped": false
            }
          ],
          "suites": [],
          "passes": [
            "56ee6cc5-3e60-46ad-9381-d414d5d603e7"
          ],
          "failures": [],
          "pending": [],
          "skipped": [],
          "duration": 5162,
          "root": false,
          "rootEmpty": false,
          "_timeout": 0
        },
        {
          "uuid": "1c3923be-6681-4da8-ac9f-839684f4606b",
          "title": "Edit Employee Test",
          "fullFile": "C:\\Users\\cesar\\Desktop\\Coding Projects\\School Work\\FullStack\\emp-simple-manager-tests\\testing\\test\\loginTest.js",
          "file": "\\test\\loginTest.js",
          "beforeHooks": [],
          "afterHooks": [],
          "tests": [
            {
              "title": "Should be successful if all only one field is changed",
              "fullTitle": "Edit Employee Test Should be successful if all only one field is changed",
              "timedOut": false,
              "duration": 5234,
              "state": "failed",
              "speed": null,
              "pass": false,
              "fail": true,
              "pending": false,
              "context": null,
              "code": "let driver = await new Builder().forBrowser('firefox').build();\nawait autoLogin(driver);\nawait driver.manage().setTimeouts({implicit: 1000});\nawait driver.findElement(By.xpath(\"/html/body/div/div/div[2]/table/tr[2]/td[6]/button[1]\")).click();\nawait driver.manage().setTimeouts({implicit: 1000});\nawait driver.findElement(By.xpath(\"html body div#app div div div.main-card div div div input\")).sendKeys(\"Pinto\");\nawait driver.manage().setTimeouts({implicit: 1000});\nlet message = await driver.findElement(By.css(\"html body div#app div div div.notif-good.notif p b\")).getText();\nmessage.should.equal(message,\"The employee 'César Aybar' was successfully updated?\")\ndriver.quit();",
              "err": {
                "message": "InvalidSelectorError: Given xpath expression \"html body div#app div div div.main-card div div div input\" is invalid: SyntaxError: Document.evaluate: The expression is not a legal expression",
                "estack": "InvalidSelectorError: Given xpath expression \"html body div#app div div div.main-card div div div input\" is invalid: SyntaxError: Document.evaluate: The expression is not a legal expression\n    at Object.throwDecodedError (node_modules\\selenium-webdriver\\lib\\error.js:523:15)\n    at parseHttpResponse (node_modules\\selenium-webdriver\\lib\\http.js:524:13)\n    at Executor.execute (node_modules\\selenium-webdriver\\lib\\http.js:456:28)\n    at process.processTicksAndRejections (node:internal/process/task_queues:105:5)\n    at async Driver.execute (node_modules\\selenium-webdriver\\lib\\webdriver.js:745:17)\n    at async toWireValue (node_modules\\selenium-webdriver\\lib\\webdriver.js:149:15)\n    at async C:\\Users\\cesar\\Desktop\\Coding Projects\\School Work\\FullStack\\emp-simple-manager-tests\\testing\\node_modules\\selenium-webdriver\\lib\\webdriver.js:195:16\n    at async forEachKey (node_modules\\selenium-webdriver\\lib\\webdriver.js:189:9)\n    at async convertKeys (node_modules\\selenium-webdriver\\lib\\webdriver.js:194:3)\n    at async Driver.execute (node_modules\\selenium-webdriver\\lib\\webdriver.js:743:22)\n    at async Context.<anonymous> (test\\loginTest.js:81:9)",
                "diff": null
              },
              "uuid": "8a2cf09e-fdbe-4f0a-b82a-c6748d3162d9",
              "parentUUID": "1c3923be-6681-4da8-ac9f-839684f4606b",
              "isHook": false,
              "skipped": false
            }
          ],
          "suites": [],
          "passes": [],
          "failures": [
            "8a2cf09e-fdbe-4f0a-b82a-c6748d3162d9"
          ],
          "pending": [],
          "skipped": [],
          "duration": 5234,
          "root": false,
          "rootEmpty": false,
          "_timeout": 0
        }
      ],
      "passes": [],
      "failures": [],
      "pending": [],
      "skipped": [],
      "duration": 0,
      "root": true,
      "rootEmpty": true,
      "_timeout": 0
    }
  ],
  "meta": {
    "mocha": {
      "version": "11.7.5"
    },
    "mochawesome": {
      "options": {
        "quiet": false,
        "reportFilename": "mochawesome",
        "saveHtml": true,
        "saveJson": true,
        "consoleReporter": "spec",
        "useInlineDiffs": false,
        "code": true
      },
      "version": "7.1.4"
    },
    "marge": {
      "options": null,
      "version": "6.3.2"
    }
  }
}